########### array before sorts ###########
0	0.304800	82.194400	103.251000	82.397600	n
1	103.251000	82.397600	103.022400	-3.860800	n
2	103.022400	-3.860800	0.101600	-3.987800	n
3	0.101600	-3.987800	0.304800	82.194400	n
Tolerance=0.050000.
*Exact match for i=0 and j=1.
*i point 0.304800	82.194400	103.251000	82.397600	y
*Exact match for i=1 and j=2.
*i point 103.251000	82.397600	103.022400	-3.860800	y
*Exact match for i=2 and j=3.
*i point 103.022400	-3.860800	0.101600	-3.987800	y
########### array after sorts ###########
0	0.304800	82.194400	103.251000	82.397600	y
1	103.251000	82.397600	103.022400	-3.860800	y
2	103.022400	-3.860800	0.101600	-3.987800	y
3	0.101600	-3.987800	0.304800	82.194400	y
***************
.BOARD_OUTLINE UNOWNED
1.6
0     0.304800     82.194400     0
0     103.251000     82.397600     0
0     103.022400     -3.860800     0
0     0.101600     -3.987800     0
0     0.304800     82.194400     0
